Arguments: 
  C:\Program Files\nodejs\node.exe C:\Users\dmila\.yarn\releases\yarn-1.22.10.cjs init

PATH: 
  C:\Users\dmila\bin;C:\Program Files\Git\mingw64\bin;C:\Program Files\Git\usr\local\bin;C:\Program Files\Git\usr\bin;C:\Program Files\Git\usr\bin;C:\Program Files\Git\mingw64\bin;C:\Program Files\Git\usr\bin;C:\Users\dmila\bin;C:\Python39\Scripts;C:\Python39;C:\WINDOWS\system32;C:\WINDOWS;C:\WINDOWS\System32\Wbem;C:\WINDOWS\System32\WindowsPowerShell\v1.0;C:\WINDOWS\System32\OpenSSH;C:\Program Files\Git\cmd;C:\Program Files\nodejs;C:\ProgramData\chocolatey\bin;C:\Program Files\MySQL\MySQL Shell 8.0\bin;C:\Users\dmila\AppData\Local\Microsoft\WindowsApps;C:\Users\dmila\AppData\Local\Programs\Microsoft VS Code\bin;C:\Users\dmila\AppData\Roaming\npm;C:\Program Files\heroku\bin;C:\Program Files\Git\usr\bin\vendor_perl;C:\Program Files\Git\usr\bin\core_perl

Yarn version: 
  1.22.10

Node version: 
  16.6.0

Platform: 
  win32 x64

Trace: 
  Error: Can't answer a question unless a user TTY
      at ConsoleReporter.question (C:\Users\dmila\.yarn\releases\yarn-1.22.10.cjs:104019:29)
      at Object.<anonymous> (C:\Users\dmila\.yarn\releases\yarn-1.22.10.cjs:97163:38)
      at Generator.next (<anonymous>)
      at step (C:\Users\dmila\.yarn\releases\yarn-1.22.10.cjs:310:30)
      at C:\Users\dmila\.yarn\releases\yarn-1.22.10.cjs:321:13
      at processTicksAndRejections (node:internal/process/task_queues:96:5)

npm manifest: 
  No manifest

yarn manifest: 
  No manifest

Lockfile: 
  No lockfile
